2024-03-10 17:52:01 INFO  SolutionDao:157 - no of solution is 1
2024-03-10 17:52:01 INFO  SolutionDao:133 - fecth solution is successfully!!![null, 47319412]
2024-03-10 17:52:01 INFO  train:73 - 42887152 is already attempted solution: null language:Java user:krishnagokul810@gmail.com
2024-03-10 17:52:02 INFO  QuestionDao:124 - getting informations
2024-03-10 17:52:02 INFO  QuestionDao:185 - List of languages fecth successfully!!!!
2024-03-10 17:52:02 INFO  QuestionDao:207 - List of Tags fecth successfully!!!!
2024-03-10 17:52:02 INFO  QuestionDao:228 - fecth count the Attempted for a question successfully!!!!
2024-03-10 17:52:02 INFO  QuestionDao:253 - fecth count the completed for a question successfully!!!!
2024-03-10 17:52:02 INFO  QuestionDao:156 - Question details return successfully!!!!!
2024-03-10 17:52:02 INFO  SolutionDao:270 - List of Solution fecth successfully!!!!
2024-03-10 17:52:02 INFO  train:143 - 42887152 Question details fecth successfully: {"questionID":"42887152","solID":"47319412","languages":["Java","Python"],"submit":3,"level":{"score":2,"levelID":1,"levelName":"8Kyu"},"author":{"mailID":"charu07@gmail.com","userName":"charu07"},"details":{"description":"You get a string, return its reverse.","tags":["String"]},"questionName":"Reverse The String","pastSolution":[],"attempt":1,"statusCode":"200"}
2024-03-10 17:52:17 INFO  SolutionDao:157 - no of solution is 1
2024-03-10 17:52:18 INFO  SolutionDao:133 - fecth solution is successfully!!![null, 47319412]
2024-03-10 17:52:18 INFO  train:73 - 42887152 is already attempted solution: null language:Java user:krishnagokul810@gmail.com
2024-03-10 17:52:18 INFO  QuestionDao:124 - getting informations
2024-03-10 17:52:18 INFO  SolutionDao:157 - no of solution is 1
2024-03-10 17:52:19 INFO  SolutionDao:133 - fecth solution is successfully!!![null, 47319412]
2024-03-10 17:52:19 INFO  train:73 - 42887152 is already attempted solution: null language:Java user:krishnagokul810@gmail.com
2024-03-10 17:52:19 INFO  QuestionDao:124 - getting informations
2024-03-10 17:52:19 INFO  QuestionDao:185 - List of languages fecth successfully!!!!
2024-03-10 17:52:20 INFO  QuestionDao:207 - List of Tags fecth successfully!!!!
2024-03-10 17:52:20 INFO  QuestionDao:185 - List of languages fecth successfully!!!!
2024-03-10 17:52:20 INFO  QuestionDao:228 - fecth count the Attempted for a question successfully!!!!
2024-03-10 17:52:21 INFO  QuestionDao:253 - fecth count the completed for a question successfully!!!!
2024-03-10 17:52:21 INFO  QuestionDao:207 - List of Tags fecth successfully!!!!
2024-03-10 17:52:21 INFO  QuestionDao:156 - Question details return successfully!!!!!
2024-03-10 17:52:21 INFO  QuestionDao:228 - fecth count the Attempted for a question successfully!!!!
2024-03-10 17:52:21 INFO  SolutionDao:270 - List of Solution fecth successfully!!!!
2024-03-10 17:52:21 INFO  QuestionDao:253 - fecth count the completed for a question successfully!!!!
2024-03-10 17:52:21 INFO  QuestionDao:156 - Question details return successfully!!!!!
2024-03-10 17:52:21 INFO  train:143 - 42887152 Question details fecth successfully: {"questionID":"42887152","solID":"47319412","languages":["Java","Python"],"submit":3,"level":{"score":2,"levelID":1,"levelName":"8Kyu"},"author":{"mailID":"charu07@gmail.com","userName":"charu07"},"details":{"description":"You get a string, return its reverse.","tags":["String"]},"questionName":"Reverse The String","pastSolution":[],"attempt":1,"statusCode":"200"}
2024-03-10 17:52:21 INFO  SolutionDao:270 - List of Solution fecth successfully!!!!
2024-03-10 17:52:21 INFO  train:143 - 42887152 Question details fecth successfully: {"questionID":"42887152","solID":"47319412","languages":["Java","Python"],"submit":3,"level":{"score":2,"levelID":1,"levelName":"8Kyu"},"author":{"mailID":"charu07@gmail.com","userName":"charu07"},"details":{"description":"You get a string, return its reverse.","tags":["String"]},"questionName":"Reverse The String","pastSolution":[],"attempt":1,"statusCode":"200"}
2024-03-10 17:52:27 INFO  SolutionDao:157 - no of solution is 1
2024-03-10 17:52:27 INFO  SolutionDao:133 - fecth solution is successfully!!![null, 47319412]
2024-03-10 17:52:27 INFO  train:73 - 42887152 is already attempted solution: null language:Java user:krishnagokul810@gmail.com
2024-03-10 17:52:28 INFO  QuestionDao:124 - getting informations
2024-03-10 17:52:28 INFO  QuestionDao:185 - List of languages fecth successfully!!!!
2024-03-10 17:52:28 INFO  QuestionDao:207 - List of Tags fecth successfully!!!!
2024-03-10 17:52:28 INFO  QuestionDao:228 - fecth count the Attempted for a question successfully!!!!
2024-03-10 17:52:28 INFO  QuestionDao:253 - fecth count the completed for a question successfully!!!!
2024-03-10 17:52:28 INFO  QuestionDao:156 - Question details return successfully!!!!!
2024-03-10 17:52:28 INFO  SolutionDao:270 - List of Solution fecth successfully!!!!
2024-03-10 17:52:28 INFO  train:143 - 42887152 Question details fecth successfully: {"questionID":"42887152","solID":"47319412","languages":["Java","Python"],"submit":3,"level":{"score":2,"levelID":1,"levelName":"8Kyu"},"author":{"mailID":"charu07@gmail.com","userName":"charu07"},"details":{"description":"You get a string, return its reverse.","tags":["String"]},"questionName":"Reverse The String","pastSolution":[],"attempt":1,"statusCode":"200"}
2024-03-10 17:52:51 INFO  SolutionDao:157 - no of solution is 1
2024-03-10 17:52:51 INFO  SolutionDao:133 - fecth solution is successfully!!![null, 47319412]
2024-03-10 17:52:51 INFO  train:73 - 42887152 is already attempted solution: null language:Java user:krishnagokul810@gmail.com
2024-03-10 17:52:51 INFO  QuestionDao:124 - getting informations
2024-03-10 17:52:51 INFO  QuestionDao:185 - List of languages fecth successfully!!!!
2024-03-10 17:52:51 INFO  QuestionDao:207 - List of Tags fecth successfully!!!!
2024-03-10 17:52:51 INFO  QuestionDao:228 - fecth count the Attempted for a question successfully!!!!
2024-03-10 17:52:51 INFO  QuestionDao:253 - fecth count the completed for a question successfully!!!!
2024-03-10 17:52:51 INFO  QuestionDao:156 - Question details return successfully!!!!!
2024-03-10 17:52:51 INFO  SolutionDao:270 - List of Solution fecth successfully!!!!
2024-03-10 17:52:51 INFO  train:143 - 42887152 Question details fecth successfully: {"questionID":"42887152","solID":"47319412","languages":["Java","Python"],"submit":3,"level":{"score":2,"levelID":1,"levelName":"8Kyu"},"author":{"mailID":"charu07@gmail.com","userName":"charu07"},"details":{"description":"You get a string, return its reverse.","tags":["String"]},"questionName":"Reverse The String","pastSolution":[],"attempt":1,"statusCode":"200"}
2024-03-10 17:52:55 INFO  SolutionDao:157 - no of solution is 1
2024-03-10 17:52:55 INFO  SolutionDao:133 - fecth solution is successfully!!![null, 47319412]
2024-03-10 17:52:55 INFO  train:73 - 42887152 is already attempted solution: null language:Java user:krishnagokul810@gmail.com
2024-03-10 17:52:55 INFO  QuestionDao:124 - getting informations
2024-03-10 17:52:55 INFO  QuestionDao:185 - List of languages fecth successfully!!!!
2024-03-10 17:52:55 INFO  QuestionDao:207 - List of Tags fecth successfully!!!!
2024-03-10 17:52:55 INFO  QuestionDao:228 - fecth count the Attempted for a question successfully!!!!
2024-03-10 17:52:55 INFO  QuestionDao:253 - fecth count the completed for a question successfully!!!!
2024-03-10 17:52:55 INFO  QuestionDao:156 - Question details return successfully!!!!!
2024-03-10 17:52:55 INFO  SolutionDao:270 - List of Solution fecth successfully!!!!
2024-03-10 17:52:55 INFO  train:143 - 42887152 Question details fecth successfully: {"questionID":"42887152","solID":"47319412","languages":["Java","Python"],"submit":3,"level":{"score":2,"levelID":1,"levelName":"8Kyu"},"author":{"mailID":"charu07@gmail.com","userName":"charu07"},"details":{"description":"You get a string, return its reverse.","tags":["String"]},"questionName":"Reverse The String","pastSolution":[],"attempt":1,"statusCode":"200"}
2024-03-10 17:53:03 INFO  SolutionDao:157 - no of solution is 1
2024-03-10 17:53:03 INFO  SolutionDao:133 - fecth solution is successfully!!![null, 47319412]
2024-03-10 17:53:03 INFO  train:73 - 42887152 is already attempted solution: null language:Java user:krishnagokul810@gmail.com
2024-03-10 17:53:03 INFO  QuestionDao:124 - getting informations
2024-03-10 17:53:03 INFO  QuestionDao:185 - List of languages fecth successfully!!!!
2024-03-10 17:53:03 INFO  QuestionDao:207 - List of Tags fecth successfully!!!!
2024-03-10 17:53:03 INFO  QuestionDao:228 - fecth count the Attempted for a question successfully!!!!
2024-03-10 17:53:03 INFO  QuestionDao:253 - fecth count the completed for a question successfully!!!!
2024-03-10 17:53:03 INFO  QuestionDao:156 - Question details return successfully!!!!!
2024-03-10 17:53:03 INFO  SolutionDao:270 - List of Solution fecth successfully!!!!
2024-03-10 17:53:03 INFO  train:143 - 42887152 Question details fecth successfully: {"questionID":"42887152","solID":"47319412","languages":["Java","Python"],"submit":3,"level":{"score":2,"levelID":1,"levelName":"8Kyu"},"author":{"mailID":"charu07@gmail.com","userName":"charu07"},"details":{"description":"You get a string, return its reverse.","tags":["String"]},"questionName":"Reverse The String","pastSolution":[],"attempt":1,"statusCode":"200"}
2024-03-10 17:53:08 INFO  SolutionDao:157 - no of solution is 1
2024-03-10 17:53:08 INFO  SolutionDao:133 - fecth solution is successfully!!![null, 47319412]
2024-03-10 17:53:08 INFO  train:73 - 42887152 is already attempted solution: null language:Java user:krishnagokul810@gmail.com
2024-03-10 17:53:08 INFO  QuestionDao:124 - getting informations
2024-03-10 17:53:08 INFO  QuestionDao:185 - List of languages fecth successfully!!!!
2024-03-10 17:53:08 INFO  QuestionDao:207 - List of Tags fecth successfully!!!!
2024-03-10 17:53:08 INFO  QuestionDao:228 - fecth count the Attempted for a question successfully!!!!
2024-03-10 17:53:08 INFO  QuestionDao:253 - fecth count the completed for a question successfully!!!!
2024-03-10 17:53:08 INFO  QuestionDao:156 - Question details return successfully!!!!!
2024-03-10 17:53:08 INFO  SolutionDao:270 - List of Solution fecth successfully!!!!
2024-03-10 17:53:08 INFO  train:143 - 42887152 Question details fecth successfully: {"questionID":"42887152","solID":"47319412","languages":["Java","Python"],"submit":3,"level":{"score":2,"levelID":1,"levelName":"8Kyu"},"author":{"mailID":"charu07@gmail.com","userName":"charu07"},"details":{"description":"You get a string, return its reverse.","tags":["String"]},"questionName":"Reverse The String","pastSolution":[],"attempt":1,"statusCode":"200"}
2024-03-10 17:53:17 INFO  SolutionDao:157 - no of solution is 1
2024-03-10 17:53:17 INFO  SolutionDao:133 - fecth solution is successfully!!![null, 47319412]
2024-03-10 17:53:17 INFO  train:73 - 42887152 is already attempted solution: null language:Java user:krishnagokul810@gmail.com
2024-03-10 17:53:17 INFO  QuestionDao:124 - getting informations
2024-03-10 17:53:17 INFO  QuestionDao:185 - List of languages fecth successfully!!!!
2024-03-10 17:53:17 INFO  QuestionDao:207 - List of Tags fecth successfully!!!!
2024-03-10 17:53:17 INFO  QuestionDao:228 - fecth count the Attempted for a question successfully!!!!
2024-03-10 17:53:17 INFO  QuestionDao:253 - fecth count the completed for a question successfully!!!!
2024-03-10 17:53:17 INFO  QuestionDao:156 - Question details return successfully!!!!!
2024-03-10 17:53:17 INFO  SolutionDao:270 - List of Solution fecth successfully!!!!
2024-03-10 17:53:17 INFO  train:143 - 42887152 Question details fecth successfully: {"questionID":"42887152","solID":"47319412","languages":["Java","Python"],"submit":3,"level":{"score":2,"levelID":1,"levelName":"8Kyu"},"author":{"mailID":"charu07@gmail.com","userName":"charu07"},"details":{"description":"You get a string, return its reverse.","tags":["String"]},"questionName":"Reverse The String","pastSolution":[],"attempt":1,"statusCode":"200"}
2024-03-10 17:53:19 INFO  SolutionDao:157 - no of solution is 1
2024-03-10 17:53:19 INFO  SolutionDao:133 - fecth solution is successfully!!![null, 47319412]
2024-03-10 17:53:19 INFO  train:73 - 42887152 is already attempted solution: null language:Java user:krishnagokul810@gmail.com
2024-03-10 17:53:19 INFO  QuestionDao:124 - getting informations
2024-03-10 17:53:19 INFO  QuestionDao:185 - List of languages fecth successfully!!!!
2024-03-10 17:53:19 INFO  QuestionDao:207 - List of Tags fecth successfully!!!!
2024-03-10 17:53:19 INFO  QuestionDao:228 - fecth count the Attempted for a question successfully!!!!
2024-03-10 17:53:19 INFO  QuestionDao:253 - fecth count the completed for a question successfully!!!!
2024-03-10 17:53:19 INFO  QuestionDao:156 - Question details return successfully!!!!!
2024-03-10 17:53:19 INFO  SolutionDao:270 - List of Solution fecth successfully!!!!
2024-03-10 17:53:19 INFO  train:143 - 42887152 Question details fecth successfully: {"questionID":"42887152","solID":"47319412","languages":["Java","Python"],"submit":3,"level":{"score":2,"levelID":1,"levelName":"8Kyu"},"author":{"mailID":"charu07@gmail.com","userName":"charu07"},"details":{"description":"You get a string, return its reverse.","tags":["String"]},"questionName":"Reverse The String","pastSolution":[],"attempt":1,"statusCode":"200"}
2024-03-10 17:53:26 INFO  SolutionDao:157 - no of solution is 1
2024-03-10 17:53:26 INFO  SolutionDao:133 - fecth solution is successfully!!![null, 47319412]
2024-03-10 17:53:26 INFO  train:73 - 42887152 is already attempted solution: null language:Java user:krishnagokul810@gmail.com
2024-03-10 17:53:26 INFO  QuestionDao:124 - getting informations
2024-03-10 17:53:26 INFO  QuestionDao:185 - List of languages fecth successfully!!!!
2024-03-10 17:53:26 INFO  QuestionDao:207 - List of Tags fecth successfully!!!!
2024-03-10 17:53:26 INFO  QuestionDao:228 - fecth count the Attempted for a question successfully!!!!
2024-03-10 17:53:26 INFO  QuestionDao:253 - fecth count the completed for a question successfully!!!!
2024-03-10 17:53:26 INFO  QuestionDao:156 - Question details return successfully!!!!!
2024-03-10 17:53:26 INFO  SolutionDao:270 - List of Solution fecth successfully!!!!
2024-03-10 17:53:26 INFO  train:143 - 42887152 Question details fecth successfully: {"questionID":"42887152","solID":"47319412","languages":["Java","Python"],"submit":3,"level":{"score":2,"levelID":1,"levelName":"8Kyu"},"author":{"mailID":"charu07@gmail.com","userName":"charu07"},"details":{"description":"You get a string, return its reverse.","tags":["String"]},"questionName":"Reverse The String","pastSolution":[],"attempt":1,"statusCode":"200"}
2024-03-10 17:53:27 INFO  SolutionDao:157 - no of solution is 1
2024-03-10 17:53:27 INFO  SolutionDao:133 - fecth solution is successfully!!![null, 47319412]
2024-03-10 17:53:27 INFO  train:73 - 42887152 is already attempted solution: null language:Java user:krishnagokul810@gmail.com
2024-03-10 17:53:27 INFO  QuestionDao:124 - getting informations
2024-03-10 17:53:27 INFO  QuestionDao:185 - List of languages fecth successfully!!!!
2024-03-10 17:53:27 INFO  QuestionDao:207 - List of Tags fecth successfully!!!!
2024-03-10 17:53:27 INFO  QuestionDao:228 - fecth count the Attempted for a question successfully!!!!
2024-03-10 17:53:27 INFO  QuestionDao:253 - fecth count the completed for a question successfully!!!!
2024-03-10 17:53:27 INFO  QuestionDao:156 - Question details return successfully!!!!!
2024-03-10 17:53:27 INFO  SolutionDao:270 - List of Solution fecth successfully!!!!
2024-03-10 17:53:27 INFO  train:143 - 42887152 Question details fecth successfully: {"questionID":"42887152","solID":"47319412","languages":["Java","Python"],"submit":3,"level":{"score":2,"levelID":1,"levelName":"8Kyu"},"author":{"mailID":"charu07@gmail.com","userName":"charu07"},"details":{"description":"You get a string, return its reverse.","tags":["String"]},"questionName":"Reverse The String","pastSolution":[],"attempt":1,"statusCode":"200"}
2024-03-10 17:53:29 INFO  SolutionDao:157 - no of solution is 1
2024-03-10 17:53:29 INFO  SolutionDao:133 - fecth solution is successfully!!![null, 47319412]
2024-03-10 17:53:29 INFO  train:73 - 42887152 is already attempted solution: null language:Java user:krishnagokul810@gmail.com
2024-03-10 17:53:29 INFO  QuestionDao:124 - getting informations
2024-03-10 17:53:29 INFO  QuestionDao:185 - List of languages fecth successfully!!!!
2024-03-10 17:53:29 INFO  QuestionDao:207 - List of Tags fecth successfully!!!!
2024-03-10 17:53:29 INFO  QuestionDao:228 - fecth count the Attempted for a question successfully!!!!
2024-03-10 17:53:29 INFO  QuestionDao:253 - fecth count the completed for a question successfully!!!!
2024-03-10 17:53:29 INFO  QuestionDao:156 - Question details return successfully!!!!!
2024-03-10 17:53:29 INFO  SolutionDao:270 - List of Solution fecth successfully!!!!
2024-03-10 17:53:29 INFO  train:143 - 42887152 Question details fecth successfully: {"questionID":"42887152","solID":"47319412","languages":["Java","Python"],"submit":3,"level":{"score":2,"levelID":1,"levelName":"8Kyu"},"author":{"mailID":"charu07@gmail.com","userName":"charu07"},"details":{"description":"You get a string, return its reverse.","tags":["String"]},"questionName":"Reverse The String","pastSolution":[],"attempt":1,"statusCode":"200"}
2024-03-10 17:54:12 INFO  SolutionDao:157 - no of solution is 1
2024-03-10 17:54:12 INFO  SolutionDao:133 - fecth solution is successfully!!![null, 47319412]
2024-03-10 17:54:12 INFO  train:73 - 42887152 is already attempted solution: null language:Java user:krishnagokul810@gmail.com
2024-03-10 17:54:12 INFO  QuestionDao:124 - getting informations
2024-03-10 17:54:12 INFO  QuestionDao:185 - List of languages fecth successfully!!!!
2024-03-10 17:54:12 INFO  QuestionDao:207 - List of Tags fecth successfully!!!!
2024-03-10 17:54:12 INFO  QuestionDao:228 - fecth count the Attempted for a question successfully!!!!
2024-03-10 17:54:12 INFO  QuestionDao:253 - fecth count the completed for a question successfully!!!!
2024-03-10 17:54:12 INFO  QuestionDao:156 - Question details return successfully!!!!!
2024-03-10 17:54:12 INFO  SolutionDao:270 - List of Solution fecth successfully!!!!
2024-03-10 17:54:12 INFO  train:143 - 42887152 Question details fecth successfully: {"questionID":"42887152","solID":"47319412","languages":["Java","Python"],"submit":3,"level":{"score":2,"levelID":1,"levelName":"8Kyu"},"author":{"mailID":"charu07@gmail.com","userName":"charu07"},"details":{"description":"You get a string, return its reverse.","tags":["String"]},"questionName":"Reverse The String","pastSolution":[],"attempt":1,"statusCode":"200"}
2024-03-10 17:57:24 INFO  DB:34 - DB connection created!
2024-03-10 17:58:37 INFO  DB:34 - DB connection created!
2024-03-10 18:02:34 INFO  DB:34 - DB connection created!
2024-03-10 18:03:54 INFO  DB:34 - DB connection created!
2024-03-10 18:06:06 INFO  DB:34 - DB connection created!
2024-03-10 18:06:55 INFO  DB:34 - DB connection created!
2024-03-10 18:07:35 INFO  DB:34 - DB connection created!
2024-03-10 18:08:35 INFO  ClanDAO:232 - Fetch clanID by Mail ID:charu07@gmail.com
2024-03-10 18:08:35 INFO  ClanDAO:473 - Fetching all clan details by admin:charu07@gmail.com clan:66423152
2024-03-10 18:08:35 INFO  ClanDAO:492 - All members of clan:66423152 fetched successfully!
2024-03-10 18:08:35 INFO  ClanDAO:512 - clan requests obtained for 66423152
2024-03-10 18:08:50 INFO  DB:55 - value:charu07@gmail.com - com.mysql.cj.jdbc.ClientPreparedStatement: SELECT mailID FROM Users WHERE mailID like 'charu07@gmail.com'
2024-03-10 18:08:50 INFO  LoginValidationFilter:71 - Login credentials passed:charu07@gmail.com pass:charu0718#
2024-03-10 18:08:56 ERROR ClanDAO:310 - sun.a@zohocorp.com not available in the clan
2024-03-10 18:08:56 INFO  ClanRequestValidation:64 - validating clan request: clan:66423152 mailIDsun.a@zohocorp.com
2024-03-10 18:08:56 INFO  DB:55 - value:66423152 - com.mysql.cj.jdbc.ClientPreparedStatement: SELECT clanID FROM Clan WHERE clanID like '66423152'
2024-03-10 18:08:56 INFO  sendClanRequest:50 - sun.a@zohocorp.com sending join request to clan:66423152
2024-03-10 18:08:56 ERROR ClanDAO:363 - Error sending join request to clanID:66423152 for user:sun.a@zohocorp.com error:java.sql.SQLIntegrityConstraintViolationException: Duplicate entry '66423152-sun.a@zohocorp.com' for key 'ClanRequest.PRIMARY'
2024-03-10 18:09:58 INFO  ClanDAO:232 - Fetch clanID by Mail ID:charu07@gmail.com
2024-03-10 18:09:58 INFO  ClanDAO:473 - Fetching all clan details by admin:charu07@gmail.com clan:66423152
2024-03-10 18:09:58 INFO  ClanDAO:492 - All members of clan:66423152 fetched successfully!
2024-03-10 18:09:58 INFO  ClanDAO:512 - clan requests obtained for 66423152
2024-03-10 18:10:13 INFO  DB:55 - value:charu07@gmail.com - com.mysql.cj.jdbc.ClientPreparedStatement: SELECT mailID FROM Users WHERE mailID like 'charu07@gmail.com'
2024-03-10 18:10:13 INFO  LoginValidationFilter:71 - Login credentials passed:charu07@gmail.com pass:charu0718#
2024-03-10 18:10:33 INFO  DB:55 - value:charu07@gmail.com - com.mysql.cj.jdbc.ClientPreparedStatement: SELECT mailID FROM Users WHERE mailID like 'charu07@gmail.com'
2024-03-10 18:10:33 INFO  LoginValidationFilter:71 - Login credentials passed:charu07@gmail.com pass:charu0718#
2024-03-10 18:12:02 INFO  DB:55 - value:charu07@gmail.com - com.mysql.cj.jdbc.ClientPreparedStatement: SELECT mailID FROM Users WHERE mailID like 'charu07@gmail.com'
2024-03-10 18:12:02 INFO  LoginValidationFilter:71 - Login credentials passed:charu07@gmail.com pass:charu0718#
